2021-03-31T15:38:04+00:00 CRITICAL Uncaught Error: Unknown named parameter $tasks_meta_id in /opt/lampp/htdocs/membership/wp-includes/class-wp-hook.php:292
Stack trace:
#0 /opt/lampp/htdocs/membership/wp-includes/class-wp-hook.php(316): WP_Hook->apply_filters('', Array)
#1 /opt/lampp/htdocs/membership/wp-includes/plugin.php(551): WP_Hook->do_action(Array)
#2 /opt/lampp/htdocs/membership/wp-content/plugins/woocommerce/packages/action-scheduler/classes/actions/ActionScheduler_Action.php(22): do_action_ref_array('wpforms_admin_n...', Array)
#3 /opt/lampp/htdocs/membership/wp-content/plugins/woocommerce/packages/action-scheduler/classes/abstracts/ActionScheduler_Abstract_QueueRunner.php(65): ActionScheduler_Action->execute()
#4 /opt/lampp/htdocs/membership/wp-content/plugins/woocommerce/packages/action-scheduler/classes/ActionScheduler_QueueRunner.php(162): ActionScheduler_Abstract_QueueRunner->process_action(111, 'Async Request')
#5 /opt/lampp/htdocs/membership/wp-content/plugins/woocommerce/packages/action-scheduler/classes/ActionScheduler_QueueRunner.php(132): ActionScheduler_QueueRunner->do_batch(25, 'Async Request')
#6 /opt/lampp/htdocs/membership/wp-includes/class-wp-hook.php(292): ActionScheduler_QueueRunner->run('Async Request')
#7 /opt/lampp/htdocs/membership/wp-includes/class-wp-hook.php(316): WP_Hook->apply_filters('', Array)
#8 /opt/lampp/htdocs/membership/wp-includes/plugin.php(484): WP_Hook->do_action(Array)
#9 /opt/lampp/htdocs/membership/wp-content/plugins/woocommerce/packages/action-scheduler/classes/ActionScheduler_AsyncRequest_QueueRunner.php(52): do_action('action_schedule...', 'Async Request')
#10 /opt/lampp/htdocs/membership/wp-content/plugins/woocommerce/includes/libraries/wp-async-request.php(147): ActionScheduler_AsyncRequest_QueueRunner->handle()
#11 /opt/lampp/htdocs/membership/wp-includes/class-wp-hook.php(292): WP_Async_Request->maybe_handle('')
#12 /opt/lampp/htdocs/membership/wp-includes/class-wp-hook.php(316): WP_Hook->apply_filters('', Array)
#13 /opt/lampp/htdocs/membership/wp-includes/plugin.php(484): WP_Hook->do_action(Array)
#14 /opt/lampp/htdocs/membership/wp-admin/admin-ajax.php(187): do_action('wp_ajax_as_asyn...')
#15 {main}
  thrown in /opt/lampp/htdocs/membership/wp-includes/class-wp-hook.php on line 292

2021-03-31T15:38:26+00:00 CRITICAL Uncaught Error: Unknown named parameter $tasks_meta_id in /opt/lampp/htdocs/membership/wp-includes/class-wp-hook.php:292
Stack trace:
#0 /opt/lampp/htdocs/membership/wp-includes/class-wp-hook.php(316): WP_Hook->apply_filters('', Array)
#1 /opt/lampp/htdocs/membership/wp-includes/plugin.php(551): WP_Hook->do_action(Array)
#2 /opt/lampp/htdocs/membership/wp-content/plugins/woocommerce/packages/action-scheduler/classes/actions/ActionScheduler_Action.php(22): do_action_ref_array('wpforms_admin_n...', Array)
#3 /opt/lampp/htdocs/membership/wp-content/plugins/woocommerce/packages/action-scheduler/classes/abstracts/ActionScheduler_Abstract_QueueRunner.php(65): ActionScheduler_Action->execute()
#4 /opt/lampp/htdocs/membership/wp-content/plugins/woocommerce/packages/action-scheduler/classes/ActionScheduler_QueueRunner.php(162): ActionScheduler_Abstract_QueueRunner->process_action(112, 'WP Cron')
#5 /opt/lampp/htdocs/membership/wp-content/plugins/woocommerce/packages/action-scheduler/classes/ActionScheduler_QueueRunner.php(132): ActionScheduler_QueueRunner->do_batch(25, 'WP Cron')
#6 /opt/lampp/htdocs/membership/wp-includes/class-wp-hook.php(292): ActionScheduler_QueueRunner->run('WP Cron')
#7 /opt/lampp/htdocs/membership/wp-includes/class-wp-hook.php(316): WP_Hook->apply_filters('', Array)
#8 /opt/lampp/htdocs/membership/wp-includes/plugin.php(551): WP_Hook->do_action(Array)
#9 /opt/lampp/htdocs/membership/wp-cron.php(138): do_action_ref_array('action_schedule...', Array)
#10 {main}
  thrown in /opt/lampp/htdocs/membership/wp-includes/class-wp-hook.php on line 292

2021-03-31T15:40:26+00:00 CRITICAL Uncaught Error: Unknown named parameter $tasks_meta_id in /opt/lampp/htdocs/membership/wp-includes/class-wp-hook.php:292
Stack trace:
#0 /opt/lampp/htdocs/membership/wp-includes/class-wp-hook.php(316): WP_Hook->apply_filters('', Array)
#1 /opt/lampp/htdocs/membership/wp-includes/plugin.php(551): WP_Hook->do_action(Array)
#2 /opt/lampp/htdocs/membership/wp-content/plugins/woocommerce/packages/action-scheduler/classes/actions/ActionScheduler_Action.php(22): do_action_ref_array('wpforms_admin_n...', Array)
#3 /opt/lampp/htdocs/membership/wp-content/plugins/woocommerce/packages/action-scheduler/classes/abstracts/ActionScheduler_Abstract_QueueRunner.php(65): ActionScheduler_Action->execute()
#4 /opt/lampp/htdocs/membership/wp-content/plugins/woocommerce/packages/action-scheduler/classes/ActionScheduler_QueueRunner.php(162): ActionScheduler_Abstract_QueueRunner->process_action(113, 'Async Request')
#5 /opt/lampp/htdocs/membership/wp-content/plugins/woocommerce/packages/action-scheduler/classes/ActionScheduler_QueueRunner.php(132): ActionScheduler_QueueRunner->do_batch(25, 'Async Request')
#6 /opt/lampp/htdocs/membership/wp-includes/class-wp-hook.php(292): ActionScheduler_QueueRunner->run('Async Request')
#7 /opt/lampp/htdocs/membership/wp-includes/class-wp-hook.php(316): WP_Hook->apply_filters('', Array)
#8 /opt/lampp/htdocs/membership/wp-includes/plugin.php(484): WP_Hook->do_action(Array)
#9 /opt/lampp/htdocs/membership/wp-content/plugins/woocommerce/packages/action-scheduler/classes/ActionScheduler_AsyncRequest_QueueRunner.php(52): do_action('action_schedule...', 'Async Request')
#10 /opt/lampp/htdocs/membership/wp-content/plugins/woocommerce/includes/libraries/wp-async-request.php(147): ActionScheduler_AsyncRequest_QueueRunner->handle()
#11 /opt/lampp/htdocs/membership/wp-includes/class-wp-hook.php(292): WP_Async_Request->maybe_handle('')
#12 /opt/lampp/htdocs/membership/wp-includes/class-wp-hook.php(316): WP_Hook->apply_filters('', Array)
#13 /opt/lampp/htdocs/membership/wp-includes/plugin.php(484): WP_Hook->do_action(Array)
#14 /opt/lampp/htdocs/membership/wp-admin/admin-ajax.php(187): do_action('wp_ajax_as_asyn...')
#15 {main}
  thrown in /opt/lampp/htdocs/membership/wp-includes/class-wp-hook.php on line 292

2021-03-31T15:42:19+00:00 CRITICAL Uncaught Error: Unknown named parameter $tasks_meta_id in /opt/lampp/htdocs/membership/wp-includes/class-wp-hook.php:292
Stack trace:
#0 /opt/lampp/htdocs/membership/wp-includes/class-wp-hook.php(316): WP_Hook->apply_filters('', Array)
#1 /opt/lampp/htdocs/membership/wp-includes/plugin.php(551): WP_Hook->do_action(Array)
#2 /opt/lampp/htdocs/membership/wp-content/plugins/woocommerce/packages/action-scheduler/classes/actions/ActionScheduler_Action.php(22): do_action_ref_array('wpforms_admin_n...', Array)
#3 /opt/lampp/htdocs/membership/wp-content/plugins/woocommerce/packages/action-scheduler/classes/abstracts/ActionScheduler_Abstract_QueueRunner.php(65): ActionScheduler_Action->execute()
#4 /opt/lampp/htdocs/membership/wp-content/plugins/woocommerce/packages/action-scheduler/classes/ActionScheduler_QueueRunner.php(162): ActionScheduler_Abstract_QueueRunner->process_action(114, 'WP Cron')
#5 /opt/lampp/htdocs/membership/wp-content/plugins/woocommerce/packages/action-scheduler/classes/ActionScheduler_QueueRunner.php(132): ActionScheduler_QueueRunner->do_batch(25, 'WP Cron')
#6 /opt/lampp/htdocs/membership/wp-includes/class-wp-hook.php(292): ActionScheduler_QueueRunner->run('WP Cron')
#7 /opt/lampp/htdocs/membership/wp-includes/class-wp-hook.php(316): WP_Hook->apply_filters('', Array)
#8 /opt/lampp/htdocs/membership/wp-includes/plugin.php(551): WP_Hook->do_action(Array)
#9 /opt/lampp/htdocs/membership/wp-cron.php(138): do_action_ref_array('action_schedule...', Array)
#10 {main}
  thrown in /opt/lampp/htdocs/membership/wp-includes/class-wp-hook.php on line 292

2021-03-31T15:42:47+00:00 CRITICAL Uncaught Error: Unknown named parameter $tasks_meta_id in /opt/lampp/htdocs/membership/wp-includes/class-wp-hook.php:292
Stack trace:
#0 /opt/lampp/htdocs/membership/wp-includes/class-wp-hook.php(316): WP_Hook->apply_filters('', Array)
#1 /opt/lampp/htdocs/membership/wp-includes/plugin.php(551): WP_Hook->do_action(Array)
#2 /opt/lampp/htdocs/membership/wp-content/plugins/woocommerce/packages/action-scheduler/classes/actions/ActionScheduler_Action.php(22): do_action_ref_array('wpforms_admin_n...', Array)
#3 /opt/lampp/htdocs/membership/wp-content/plugins/woocommerce/packages/action-scheduler/classes/abstracts/ActionScheduler_Abstract_QueueRunner.php(65): ActionScheduler_Action->execute()
#4 /opt/lampp/htdocs/membership/wp-content/plugins/woocommerce/packages/action-scheduler/classes/ActionScheduler_QueueRunner.php(162): ActionScheduler_Abstract_QueueRunner->process_action(115, 'Async Request')
#5 /opt/lampp/htdocs/membership/wp-content/plugins/woocommerce/packages/action-scheduler/classes/ActionScheduler_QueueRunner.php(132): ActionScheduler_QueueRunner->do_batch(25, 'Async Request')
#6 /opt/lampp/htdocs/membership/wp-includes/class-wp-hook.php(292): ActionScheduler_QueueRunner->run('Async Request')
#7 /opt/lampp/htdocs/membership/wp-includes/class-wp-hook.php(316): WP_Hook->apply_filters('', Array)
#8 /opt/lampp/htdocs/membership/wp-includes/plugin.php(484): WP_Hook->do_action(Array)
#9 /opt/lampp/htdocs/membership/wp-content/plugins/woocommerce/packages/action-scheduler/classes/ActionScheduler_AsyncRequest_QueueRunner.php(52): do_action('action_schedule...', 'Async Request')
#10 /opt/lampp/htdocs/membership/wp-content/plugins/woocommerce/includes/libraries/wp-async-request.php(147): ActionScheduler_AsyncRequest_QueueRunner->handle()
#11 /opt/lampp/htdocs/membership/wp-includes/class-wp-hook.php(292): WP_Async_Request->maybe_handle('')
#12 /opt/lampp/htdocs/membership/wp-includes/class-wp-hook.php(316): WP_Hook->apply_filters('', Array)
#13 /opt/lampp/htdocs/membership/wp-includes/plugin.php(484): WP_Hook->do_action(Array)
#14 /opt/lampp/htdocs/membership/wp-admin/admin-ajax.php(187): do_action('wp_ajax_as_asyn...')
#15 {main}
  thrown in /opt/lampp/htdocs/membership/wp-includes/class-wp-hook.php on line 292

2021-03-31T15:43:22+00:00 CRITICAL Uncaught Error: Unknown named parameter $tasks_meta_id in /opt/lampp/htdocs/membership/wp-includes/class-wp-hook.php:292
Stack trace:
#0 /opt/lampp/htdocs/membership/wp-includes/class-wp-hook.php(316): WP_Hook->apply_filters('', Array)
#1 /opt/lampp/htdocs/membership/wp-includes/plugin.php(551): WP_Hook->do_action(Array)
#2 /opt/lampp/htdocs/membership/wp-content/plugins/woocommerce/packages/action-scheduler/classes/actions/ActionScheduler_Action.php(22): do_action_ref_array('wpforms_admin_n...', Array)
#3 /opt/lampp/htdocs/membership/wp-content/plugins/woocommerce/packages/action-scheduler/classes/abstracts/ActionScheduler_Abstract_QueueRunner.php(65): ActionScheduler_Action->execute()
#4 /opt/lampp/htdocs/membership/wp-content/plugins/woocommerce/packages/action-scheduler/classes/ActionScheduler_QueueRunner.php(162): ActionScheduler_Abstract_QueueRunner->process_action(116, 'WP Cron')
#5 /opt/lampp/htdocs/membership/wp-content/plugins/woocommerce/packages/action-scheduler/classes/ActionScheduler_QueueRunner.php(132): ActionScheduler_QueueRunner->do_batch(25, 'WP Cron')
#6 /opt/lampp/htdocs/membership/wp-includes/class-wp-hook.php(292): ActionScheduler_QueueRunner->run('WP Cron')
#7 /opt/lampp/htdocs/membership/wp-includes/class-wp-hook.php(316): WP_Hook->apply_filters('', Array)
#8 /opt/lampp/htdocs/membership/wp-includes/plugin.php(551): WP_Hook->do_action(Array)
#9 /opt/lampp/htdocs/membership/wp-cron.php(138): do_action_ref_array('action_schedule...', Array)
#10 {main}
  thrown in /opt/lampp/htdocs/membership/wp-includes/class-wp-hook.php on line 292

2021-03-31T15:45:13+00:00 CRITICAL Uncaught Error: Unknown named parameter $tasks_meta_id in /opt/lampp/htdocs/membership/wp-includes/class-wp-hook.php:292
Stack trace:
#0 /opt/lampp/htdocs/membership/wp-includes/class-wp-hook.php(316): WP_Hook->apply_filters('', Array)
#1 /opt/lampp/htdocs/membership/wp-includes/plugin.php(551): WP_Hook->do_action(Array)
#2 /opt/lampp/htdocs/membership/wp-content/plugins/woocommerce/packages/action-scheduler/classes/actions/ActionScheduler_Action.php(22): do_action_ref_array('wpforms_admin_n...', Array)
#3 /opt/lampp/htdocs/membership/wp-content/plugins/woocommerce/packages/action-scheduler/classes/abstracts/ActionScheduler_Abstract_QueueRunner.php(65): ActionScheduler_Action->execute()
#4 /opt/lampp/htdocs/membership/wp-content/plugins/woocommerce/packages/action-scheduler/classes/ActionScheduler_QueueRunner.php(162): ActionScheduler_Abstract_QueueRunner->process_action(117, 'Async Request')
#5 /opt/lampp/htdocs/membership/wp-content/plugins/woocommerce/packages/action-scheduler/classes/ActionScheduler_QueueRunner.php(132): ActionScheduler_QueueRunner->do_batch(25, 'Async Request')
#6 /opt/lampp/htdocs/membership/wp-includes/class-wp-hook.php(292): ActionScheduler_QueueRunner->run('Async Request')
#7 /opt/lampp/htdocs/membership/wp-includes/class-wp-hook.php(316): WP_Hook->apply_filters('', Array)
#8 /opt/lampp/htdocs/membership/wp-includes/plugin.php(484): WP_Hook->do_action(Array)
#9 /opt/lampp/htdocs/membership/wp-content/plugins/woocommerce/packages/action-scheduler/classes/ActionScheduler_AsyncRequest_QueueRunner.php(52): do_action('action_schedule...', 'Async Request')
#10 /opt/lampp/htdocs/membership/wp-content/plugins/woocommerce/includes/libraries/wp-async-request.php(147): ActionScheduler_AsyncRequest_QueueRunner->handle()
#11 /opt/lampp/htdocs/membership/wp-includes/class-wp-hook.php(292): WP_Async_Request->maybe_handle('')
#12 /opt/lampp/htdocs/membership/wp-includes/class-wp-hook.php(316): WP_Hook->apply_filters('', Array)
#13 /opt/lampp/htdocs/membership/wp-includes/plugin.php(484): WP_Hook->do_action(Array)
#14 /opt/lampp/htdocs/membership/wp-admin/admin-ajax.php(187): do_action('wp_ajax_as_asyn...')
#15 {main}
  thrown in /opt/lampp/htdocs/membership/wp-includes/class-wp-hook.php on line 292

2021-03-31T15:46:15+00:00 CRITICAL Uncaught Error: Unknown named parameter $tasks_meta_id in /opt/lampp/htdocs/membership/wp-includes/class-wp-hook.php:292
Stack trace:
#0 /opt/lampp/htdocs/membership/wp-includes/class-wp-hook.php(316): WP_Hook->apply_filters('', Array)
#1 /opt/lampp/htdocs/membership/wp-includes/plugin.php(551): WP_Hook->do_action(Array)
#2 /opt/lampp/htdocs/membership/wp-content/plugins/woocommerce/packages/action-scheduler/classes/actions/ActionScheduler_Action.php(22): do_action_ref_array('wpforms_admin_n...', Array)
#3 /opt/lampp/htdocs/membership/wp-content/plugins/woocommerce/packages/action-scheduler/classes/abstracts/ActionScheduler_Abstract_QueueRunner.php(65): ActionScheduler_Action->execute()
#4 /opt/lampp/htdocs/membership/wp-content/plugins/woocommerce/packages/action-scheduler/classes/ActionScheduler_QueueRunner.php(162): ActionScheduler_Abstract_QueueRunner->process_action(118, 'WP Cron')
#5 /opt/lampp/htdocs/membership/wp-content/plugins/woocommerce/packages/action-scheduler/classes/ActionScheduler_QueueRunner.php(132): ActionScheduler_QueueRunner->do_batch(25, 'WP Cron')
#6 /opt/lampp/htdocs/membership/wp-includes/class-wp-hook.php(292): ActionScheduler_QueueRunner->run('WP Cron')
#7 /opt/lampp/htdocs/membership/wp-includes/class-wp-hook.php(316): WP_Hook->apply_filters('', Array)
#8 /opt/lampp/htdocs/membership/wp-includes/plugin.php(551): WP_Hook->do_action(Array)
#9 /opt/lampp/htdocs/membership/wp-cron.php(138): do_action_ref_array('action_schedule...', Array)
#10 {main}
  thrown in /opt/lampp/htdocs/membership/wp-includes/class-wp-hook.php on line 292

2021-03-31T15:47:27+00:00 CRITICAL Uncaught Error: Unknown named parameter $tasks_meta_id in /opt/lampp/htdocs/membership/wp-includes/class-wp-hook.php:292
Stack trace:
#0 /opt/lampp/htdocs/membership/wp-includes/class-wp-hook.php(316): WP_Hook->apply_filters('', Array)
#1 /opt/lampp/htdocs/membership/wp-includes/plugin.php(551): WP_Hook->do_action(Array)
#2 /opt/lampp/htdocs/membership/wp-content/plugins/woocommerce/packages/action-scheduler/classes/actions/ActionScheduler_Action.php(22): do_action_ref_array('wpforms_admin_n...', Array)
#3 /opt/lampp/htdocs/membership/wp-content/plugins/woocommerce/packages/action-scheduler/classes/abstracts/ActionScheduler_Abstract_QueueRunner.php(65): ActionScheduler_Action->execute()
#4 /opt/lampp/htdocs/membership/wp-content/plugins/woocommerce/packages/action-scheduler/classes/ActionScheduler_QueueRunner.php(162): ActionScheduler_Abstract_QueueRunner->process_action(119, 'Async Request')
#5 /opt/lampp/htdocs/membership/wp-content/plugins/woocommerce/packages/action-scheduler/classes/ActionScheduler_QueueRunner.php(132): ActionScheduler_QueueRunner->do_batch(25, 'Async Request')
#6 /opt/lampp/htdocs/membership/wp-includes/class-wp-hook.php(292): ActionScheduler_QueueRunner->run('Async Request')
#7 /opt/lampp/htdocs/membership/wp-includes/class-wp-hook.php(316): WP_Hook->apply_filters('', Array)
#8 /opt/lampp/htdocs/membership/wp-includes/plugin.php(484): WP_Hook->do_action(Array)
#9 /opt/lampp/htdocs/membership/wp-content/plugins/woocommerce/packages/action-scheduler/classes/ActionScheduler_AsyncRequest_QueueRunner.php(52): do_action('action_schedule...', 'Async Request')
#10 /opt/lampp/htdocs/membership/wp-content/plugins/woocommerce/includes/libraries/wp-async-request.php(147): ActionScheduler_AsyncRequest_QueueRunner->handle()
#11 /opt/lampp/htdocs/membership/wp-includes/class-wp-hook.php(292): WP_Async_Request->maybe_handle('')
#12 /opt/lampp/htdocs/membership/wp-includes/class-wp-hook.php(316): WP_Hook->apply_filters('', Array)
#13 /opt/lampp/htdocs/membership/wp-includes/plugin.php(484): WP_Hook->do_action(Array)
#14 /opt/lampp/htdocs/membership/wp-admin/admin-ajax.php(187): do_action('wp_ajax_as_asyn...')
#15 {main}
  thrown in /opt/lampp/htdocs/membership/wp-includes/class-wp-hook.php on line 292

2021-03-31T15:48:37+00:00 CRITICAL Uncaught Error: Unknown named parameter $tasks_meta_id in /opt/lampp/htdocs/membership/wp-includes/class-wp-hook.php:292
Stack trace:
#0 /opt/lampp/htdocs/membership/wp-includes/class-wp-hook.php(316): WP_Hook->apply_filters('', Array)
#1 /opt/lampp/htdocs/membership/wp-includes/plugin.php(551): WP_Hook->do_action(Array)
#2 /opt/lampp/htdocs/membership/wp-content/plugins/woocommerce/packages/action-scheduler/classes/actions/ActionScheduler_Action.php(22): do_action_ref_array('wpforms_admin_n...', Array)
#3 /opt/lampp/htdocs/membership/wp-content/plugins/woocommerce/packages/action-scheduler/classes/abstracts/ActionScheduler_Abstract_QueueRunner.php(65): ActionScheduler_Action->execute()
#4 /opt/lampp/htdocs/membership/wp-content/plugins/woocommerce/packages/action-scheduler/classes/ActionScheduler_QueueRunner.php(162): ActionScheduler_Abstract_QueueRunner->process_action(120, 'WP Cron')
#5 /opt/lampp/htdocs/membership/wp-content/plugins/woocommerce/packages/action-scheduler/classes/ActionScheduler_QueueRunner.php(132): ActionScheduler_QueueRunner->do_batch(25, 'WP Cron')
#6 /opt/lampp/htdocs/membership/wp-includes/class-wp-hook.php(292): ActionScheduler_QueueRunner->run('WP Cron')
#7 /opt/lampp/htdocs/membership/wp-includes/class-wp-hook.php(316): WP_Hook->apply_filters('', Array)
#8 /opt/lampp/htdocs/membership/wp-includes/plugin.php(551): WP_Hook->do_action(Array)
#9 /opt/lampp/htdocs/membership/wp-cron.php(138): do_action_ref_array('action_schedule...', Array)
#10 {main}
  thrown in /opt/lampp/htdocs/membership/wp-includes/class-wp-hook.php on line 292

2021-03-31T15:50:32+00:00 CRITICAL Uncaught Error: Unknown named parameter $tasks_meta_id in /opt/lampp/htdocs/membership/wp-includes/class-wp-hook.php:292
Stack trace:
#0 /opt/lampp/htdocs/membership/wp-includes/class-wp-hook.php(316): WP_Hook->apply_filters('', Array)
#1 /opt/lampp/htdocs/membership/wp-includes/plugin.php(551): WP_Hook->do_action(Array)
#2 /opt/lampp/htdocs/membership/wp-content/plugins/woocommerce/packages/action-scheduler/classes/actions/ActionScheduler_Action.php(22): do_action_ref_array('wpforms_admin_n...', Array)
#3 /opt/lampp/htdocs/membership/wp-content/plugins/woocommerce/packages/action-scheduler/classes/abstracts/ActionScheduler_Abstract_QueueRunner.php(65): ActionScheduler_Action->execute()
#4 /opt/lampp/htdocs/membership/wp-content/plugins/woocommerce/packages/action-scheduler/classes/ActionScheduler_QueueRunner.php(162): ActionScheduler_Abstract_QueueRunner->process_action(121, 'WP Cron')
#5 /opt/lampp/htdocs/membership/wp-content/plugins/woocommerce/packages/action-scheduler/classes/ActionScheduler_QueueRunner.php(132): ActionScheduler_QueueRunner->do_batch(25, 'WP Cron')
#6 /opt/lampp/htdocs/membership/wp-includes/class-wp-hook.php(292): ActionScheduler_QueueRunner->run('WP Cron')
#7 /opt/lampp/htdocs/membership/wp-includes/class-wp-hook.php(316): WP_Hook->apply_filters('', Array)
#8 /opt/lampp/htdocs/membership/wp-includes/plugin.php(551): WP_Hook->do_action(Array)
#9 /opt/lampp/htdocs/membership/wp-cron.php(138): do_action_ref_array('action_schedule...', Array)
#10 {main}
  thrown in /opt/lampp/htdocs/membership/wp-includes/class-wp-hook.php on line 292

2021-03-31T15:51:34+00:00 CRITICAL Uncaught Error: Unknown named parameter $tasks_meta_id in /opt/lampp/htdocs/membership/wp-includes/class-wp-hook.php:292
Stack trace:
#0 /opt/lampp/htdocs/membership/wp-includes/class-wp-hook.php(316): WP_Hook->apply_filters('', Array)
#1 /opt/lampp/htdocs/membership/wp-includes/plugin.php(551): WP_Hook->do_action(Array)
#2 /opt/lampp/htdocs/membership/wp-content/plugins/woocommerce/packages/action-scheduler/classes/actions/ActionScheduler_Action.php(22): do_action_ref_array('wpforms_admin_n...', Array)
#3 /opt/lampp/htdocs/membership/wp-content/plugins/woocommerce/packages/action-scheduler/classes/abstracts/ActionScheduler_Abstract_QueueRunner.php(65): ActionScheduler_Action->execute()
#4 /opt/lampp/htdocs/membership/wp-content/plugins/woocommerce/packages/action-scheduler/classes/ActionScheduler_QueueRunner.php(162): ActionScheduler_Abstract_QueueRunner->process_action(122, 'WP Cron')
#5 /opt/lampp/htdocs/membership/wp-content/plugins/woocommerce/packages/action-scheduler/classes/ActionScheduler_QueueRunner.php(132): ActionScheduler_QueueRunner->do_batch(25, 'WP Cron')
#6 /opt/lampp/htdocs/membership/wp-includes/class-wp-hook.php(292): ActionScheduler_QueueRunner->run('WP Cron')
#7 /opt/lampp/htdocs/membership/wp-includes/class-wp-hook.php(316): WP_Hook->apply_filters('', Array)
#8 /opt/lampp/htdocs/membership/wp-includes/plugin.php(551): WP_Hook->do_action(Array)
#9 /opt/lampp/htdocs/membership/wp-cron.php(138): do_action_ref_array('action_schedule...', Array)
#10 {main}
  thrown in /opt/lampp/htdocs/membership/wp-includes/class-wp-hook.php on line 292

2021-03-31T15:53:44+00:00 CRITICAL Uncaught Error: Unknown named parameter $tasks_meta_id in /opt/lampp/htdocs/membership/wp-includes/class-wp-hook.php:292
Stack trace:
#0 /opt/lampp/htdocs/membership/wp-includes/class-wp-hook.php(316): WP_Hook->apply_filters('', Array)
#1 /opt/lampp/htdocs/membership/wp-includes/plugin.php(551): WP_Hook->do_action(Array)
#2 /opt/lampp/htdocs/membership/wp-content/plugins/woocommerce/packages/action-scheduler/classes/actions/ActionScheduler_Action.php(22): do_action_ref_array('wpforms_admin_n...', Array)
#3 /opt/lampp/htdocs/membership/wp-content/plugins/woocommerce/packages/action-scheduler/classes/abstracts/ActionScheduler_Abstract_QueueRunner.php(65): ActionScheduler_Action->execute()
#4 /opt/lampp/htdocs/membership/wp-content/plugins/woocommerce/packages/action-scheduler/classes/ActionScheduler_QueueRunner.php(162): ActionScheduler_Abstract_QueueRunner->process_action(123, 'Async Request')
#5 /opt/lampp/htdocs/membership/wp-content/plugins/woocommerce/packages/action-scheduler/classes/ActionScheduler_QueueRunner.php(132): ActionScheduler_QueueRunner->do_batch(25, 'Async Request')
#6 /opt/lampp/htdocs/membership/wp-includes/class-wp-hook.php(292): ActionScheduler_QueueRunner->run('Async Request')
#7 /opt/lampp/htdocs/membership/wp-includes/class-wp-hook.php(316): WP_Hook->apply_filters('', Array)
#8 /opt/lampp/htdocs/membership/wp-includes/plugin.php(484): WP_Hook->do_action(Array)
#9 /opt/lampp/htdocs/membership/wp-content/plugins/woocommerce/packages/action-scheduler/classes/ActionScheduler_AsyncRequest_QueueRunner.php(52): do_action('action_schedule...', 'Async Request')
#10 /opt/lampp/htdocs/membership/wp-content/plugins/woocommerce/includes/libraries/wp-async-request.php(147): ActionScheduler_AsyncRequest_QueueRunner->handle()
#11 /opt/lampp/htdocs/membership/wp-includes/class-wp-hook.php(292): WP_Async_Request->maybe_handle('')
#12 /opt/lampp/htdocs/membership/wp-includes/class-wp-hook.php(316): WP_Hook->apply_filters('', Array)
#13 /opt/lampp/htdocs/membership/wp-includes/plugin.php(484): WP_Hook->do_action(Array)
#14 /opt/lampp/htdocs/membership/wp-admin/admin-ajax.php(187): do_action('wp_ajax_as_asyn...')
#15 {main}
  thrown in /opt/lampp/htdocs/membership/wp-includes/class-wp-hook.php on line 292

2021-03-31T15:54:15+00:00 CRITICAL Uncaught Error: Unknown named parameter $tasks_meta_id in /opt/lampp/htdocs/membership/wp-includes/class-wp-hook.php:292
Stack trace:
#0 /opt/lampp/htdocs/membership/wp-includes/class-wp-hook.php(316): WP_Hook->apply_filters('', Array)
#1 /opt/lampp/htdocs/membership/wp-includes/plugin.php(551): WP_Hook->do_action(Array)
#2 /opt/lampp/htdocs/membership/wp-content/plugins/woocommerce/packages/action-scheduler/classes/actions/ActionScheduler_Action.php(22): do_action_ref_array('wpforms_admin_n...', Array)
#3 /opt/lampp/htdocs/membership/wp-content/plugins/woocommerce/packages/action-scheduler/classes/abstracts/ActionScheduler_Abstract_QueueRunner.php(65): ActionScheduler_Action->execute()
#4 /opt/lampp/htdocs/membership/wp-content/plugins/woocommerce/packages/action-scheduler/classes/ActionScheduler_QueueRunner.php(162): ActionScheduler_Abstract_QueueRunner->process_action(124, 'WP Cron')
#5 /opt/lampp/htdocs/membership/wp-content/plugins/woocommerce/packages/action-scheduler/classes/ActionScheduler_QueueRunner.php(132): ActionScheduler_QueueRunner->do_batch(25, 'WP Cron')
#6 /opt/lampp/htdocs/membership/wp-includes/class-wp-hook.php(292): ActionScheduler_QueueRunner->run('WP Cron')
#7 /opt/lampp/htdocs/membership/wp-includes/class-wp-hook.php(316): WP_Hook->apply_filters('', Array)
#8 /opt/lampp/htdocs/membership/wp-includes/plugin.php(551): WP_Hook->do_action(Array)
#9 /opt/lampp/htdocs/membership/wp-cron.php(138): do_action_ref_array('action_schedule...', Array)
#10 {main}
  thrown in /opt/lampp/htdocs/membership/wp-includes/class-wp-hook.php on line 292

2021-03-31T15:55:36+00:00 CRITICAL Uncaught Error: Unknown named parameter $tasks_meta_id in /opt/lampp/htdocs/membership/wp-includes/class-wp-hook.php:292
Stack trace:
#0 /opt/lampp/htdocs/membership/wp-includes/class-wp-hook.php(316): WP_Hook->apply_filters('', Array)
#1 /opt/lampp/htdocs/membership/wp-includes/plugin.php(551): WP_Hook->do_action(Array)
#2 /opt/lampp/htdocs/membership/wp-content/plugins/woocommerce/packages/action-scheduler/classes/actions/ActionScheduler_Action.php(22): do_action_ref_array('wpforms_admin_n...', Array)
#3 /opt/lampp/htdocs/membership/wp-content/plugins/woocommerce/packages/action-scheduler/classes/abstracts/ActionScheduler_Abstract_QueueRunner.php(65): ActionScheduler_Action->execute()
#4 /opt/lampp/htdocs/membership/wp-content/plugins/woocommerce/packages/action-scheduler/classes/ActionScheduler_QueueRunner.php(162): ActionScheduler_Abstract_QueueRunner->process_action(125, 'WP Cron')
#5 /opt/lampp/htdocs/membership/wp-content/plugins/woocommerce/packages/action-scheduler/classes/ActionScheduler_QueueRunner.php(132): ActionScheduler_QueueRunner->do_batch(25, 'WP Cron')
#6 /opt/lampp/htdocs/membership/wp-includes/class-wp-hook.php(292): ActionScheduler_QueueRunner->run('WP Cron')
#7 /opt/lampp/htdocs/membership/wp-includes/class-wp-hook.php(316): WP_Hook->apply_filters('', Array)
#8 /opt/lampp/htdocs/membership/wp-includes/plugin.php(551): WP_Hook->do_action(Array)
#9 /opt/lampp/htdocs/membership/wp-cron.php(138): do_action_ref_array('action_schedule...', Array)
#10 {main}
  thrown in /opt/lampp/htdocs/membership/wp-includes/class-wp-hook.php on line 292

2021-03-31T15:56:45+00:00 CRITICAL Uncaught Error: Unknown named parameter $tasks_meta_id in /opt/lampp/htdocs/membership/wp-includes/class-wp-hook.php:292
Stack trace:
#0 /opt/lampp/htdocs/membership/wp-includes/class-wp-hook.php(316): WP_Hook->apply_filters('', Array)
#1 /opt/lampp/htdocs/membership/wp-includes/plugin.php(551): WP_Hook->do_action(Array)
#2 /opt/lampp/htdocs/membership/wp-content/plugins/woocommerce/packages/action-scheduler/classes/actions/ActionScheduler_Action.php(22): do_action_ref_array('wpforms_admin_n...', Array)
#3 /opt/lampp/htdocs/membership/wp-content/plugins/woocommerce/packages/action-scheduler/classes/abstracts/ActionScheduler_Abstract_QueueRunner.php(65): ActionScheduler_Action->execute()
#4 /opt/lampp/htdocs/membership/wp-content/plugins/woocommerce/packages/action-scheduler/classes/ActionScheduler_QueueRunner.php(162): ActionScheduler_Abstract_QueueRunner->process_action(126, 'WP Cron')
#5 /opt/lampp/htdocs/membership/wp-content/plugins/woocommerce/packages/action-scheduler/classes/ActionScheduler_QueueRunner.php(132): ActionScheduler_QueueRunner->do_batch(25, 'WP Cron')
#6 /opt/lampp/htdocs/membership/wp-includes/class-wp-hook.php(292): ActionScheduler_QueueRunner->run('WP Cron')
#7 /opt/lampp/htdocs/membership/wp-includes/class-wp-hook.php(316): WP_Hook->apply_filters('', Array)
#8 /opt/lampp/htdocs/membership/wp-includes/plugin.php(551): WP_Hook->do_action(Array)
#9 /opt/lampp/htdocs/membership/wp-cron.php(138): do_action_ref_array('action_schedule...', Array)
#10 {main}
  thrown in /opt/lampp/htdocs/membership/wp-includes/class-wp-hook.php on line 292

2021-03-31T15:58:36+00:00 CRITICAL Uncaught Error: Unknown named parameter $tasks_meta_id in /opt/lampp/htdocs/membership/wp-includes/class-wp-hook.php:292
Stack trace:
#0 /opt/lampp/htdocs/membership/wp-includes/class-wp-hook.php(316): WP_Hook->apply_filters('', Array)
#1 /opt/lampp/htdocs/membership/wp-includes/plugin.php(551): WP_Hook->do_action(Array)
#2 /opt/lampp/htdocs/membership/wp-content/plugins/woocommerce/packages/action-scheduler/classes/actions/ActionScheduler_Action.php(22): do_action_ref_array('wpforms_admin_n...', Array)
#3 /opt/lampp/htdocs/membership/wp-content/plugins/woocommerce/packages/action-scheduler/classes/abstracts/ActionScheduler_Abstract_QueueRunner.php(65): ActionScheduler_Action->execute()
#4 /opt/lampp/htdocs/membership/wp-content/plugins/woocommerce/packages/action-scheduler/classes/ActionScheduler_QueueRunner.php(162): ActionScheduler_Abstract_QueueRunner->process_action(127, 'WP Cron')
#5 /opt/lampp/htdocs/membership/wp-content/plugins/woocommerce/packages/action-scheduler/classes/ActionScheduler_QueueRunner.php(132): ActionScheduler_QueueRunner->do_batch(25, 'WP Cron')
#6 /opt/lampp/htdocs/membership/wp-includes/class-wp-hook.php(292): ActionScheduler_QueueRunner->run('WP Cron')
#7 /opt/lampp/htdocs/membership/wp-includes/class-wp-hook.php(316): WP_Hook->apply_filters('', Array)
#8 /opt/lampp/htdocs/membership/wp-includes/plugin.php(551): WP_Hook->do_action(Array)
#9 /opt/lampp/htdocs/membership/wp-cron.php(138): do_action_ref_array('action_schedule...', Array)
#10 {main}
  thrown in /opt/lampp/htdocs/membership/wp-includes/class-wp-hook.php on line 292

2021-03-31T16:08:36+00:00 CRITICAL Uncaught Error: Unknown named parameter $tasks_meta_id in /opt/lampp/htdocs/membership/wp-includes/class-wp-hook.php:292
Stack trace:
#0 /opt/lampp/htdocs/membership/wp-includes/class-wp-hook.php(316): WP_Hook->apply_filters('', Array)
#1 /opt/lampp/htdocs/membership/wp-includes/plugin.php(551): WP_Hook->do_action(Array)
#2 /opt/lampp/htdocs/membership/wp-content/plugins/woocommerce/packages/action-scheduler/classes/actions/ActionScheduler_Action.php(22): do_action_ref_array('wpforms_admin_n...', Array)
#3 /opt/lampp/htdocs/membership/wp-content/plugins/woocommerce/packages/action-scheduler/classes/abstracts/ActionScheduler_Abstract_QueueRunner.php(65): ActionScheduler_Action->execute()
#4 /opt/lampp/htdocs/membership/wp-content/plugins/woocommerce/packages/action-scheduler/classes/ActionScheduler_QueueRunner.php(162): ActionScheduler_Abstract_QueueRunner->process_action(129, 'Async Request')
#5 /opt/lampp/htdocs/membership/wp-content/plugins/woocommerce/packages/action-scheduler/classes/ActionScheduler_QueueRunner.php(132): ActionScheduler_QueueRunner->do_batch(25, 'Async Request')
#6 /opt/lampp/htdocs/membership/wp-includes/class-wp-hook.php(292): ActionScheduler_QueueRunner->run('Async Request')
#7 /opt/lampp/htdocs/membership/wp-includes/class-wp-hook.php(316): WP_Hook->apply_filters('', Array)
#8 /opt/lampp/htdocs/membership/wp-includes/plugin.php(484): WP_Hook->do_action(Array)
#9 /opt/lampp/htdocs/membership/wp-content/plugins/woocommerce/packages/action-scheduler/classes/ActionScheduler_AsyncRequest_QueueRunner.php(52): do_action('action_schedule...', 'Async Request')
#10 /opt/lampp/htdocs/membership/wp-content/plugins/woocommerce/includes/libraries/wp-async-request.php(147): ActionScheduler_AsyncRequest_QueueRunner->handle()
#11 /opt/lampp/htdocs/membership/wp-includes/class-wp-hook.php(292): WP_Async_Request->maybe_handle('')
#12 /opt/lampp/htdocs/membership/wp-includes/class-wp-hook.php(316): WP_Hook->apply_filters('', Array)
#13 /opt/lampp/htdocs/membership/wp-includes/plugin.php(484): WP_Hook->do_action(Array)
#14 /opt/lampp/htdocs/membership/wp-admin/admin-ajax.php(187): do_action('wp_ajax_as_asyn...')
#15 {main}
  thrown in /opt/lampp/htdocs/membership/wp-includes/class-wp-hook.php on line 292

2021-03-31T16:09:39+00:00 CRITICAL Uncaught Error: Unknown named parameter $tasks_meta_id in /opt/lampp/htdocs/membership/wp-includes/class-wp-hook.php:292
Stack trace:
#0 /opt/lampp/htdocs/membership/wp-includes/class-wp-hook.php(316): WP_Hook->apply_filters('', Array)
#1 /opt/lampp/htdocs/membership/wp-includes/plugin.php(551): WP_Hook->do_action(Array)
#2 /opt/lampp/htdocs/membership/wp-content/plugins/woocommerce/packages/action-scheduler/classes/actions/ActionScheduler_Action.php(22): do_action_ref_array('wpforms_admin_n...', Array)
#3 /opt/lampp/htdocs/membership/wp-content/plugins/woocommerce/packages/action-scheduler/classes/abstracts/ActionScheduler_Abstract_QueueRunner.php(65): ActionScheduler_Action->execute()
#4 /opt/lampp/htdocs/membership/wp-content/plugins/woocommerce/packages/action-scheduler/classes/ActionScheduler_QueueRunner.php(162): ActionScheduler_Abstract_QueueRunner->process_action(130, 'WP Cron')
#5 /opt/lampp/htdocs/membership/wp-content/plugins/woocommerce/packages/action-scheduler/classes/ActionScheduler_QueueRunner.php(132): ActionScheduler_QueueRunner->do_batch(25, 'WP Cron')
#6 /opt/lampp/htdocs/membership/wp-includes/class-wp-hook.php(292): ActionScheduler_QueueRunner->run('WP Cron')
#7 /opt/lampp/htdocs/membership/wp-includes/class-wp-hook.php(316): WP_Hook->apply_filters('', Array)
#8 /opt/lampp/htdocs/membership/wp-includes/plugin.php(551): WP_Hook->do_action(Array)
#9 /opt/lampp/htdocs/membership/wp-cron.php(138): do_action_ref_array('action_schedule...', Array)
#10 {main}
  thrown in /opt/lampp/htdocs/membership/wp-includes/class-wp-hook.php on line 292

2021-03-31T16:10:56+00:00 CRITICAL Uncaught Error: Unknown named parameter $tasks_meta_id in /opt/lampp/htdocs/membership/wp-includes/class-wp-hook.php:292
Stack trace:
#0 /opt/lampp/htdocs/membership/wp-includes/class-wp-hook.php(316): WP_Hook->apply_filters('', Array)
#1 /opt/lampp/htdocs/membership/wp-includes/plugin.php(551): WP_Hook->do_action(Array)
#2 /opt/lampp/htdocs/membership/wp-content/plugins/woocommerce/packages/action-scheduler/classes/actions/ActionScheduler_Action.php(22): do_action_ref_array('wpforms_admin_n...', Array)
#3 /opt/lampp/htdocs/membership/wp-content/plugins/woocommerce/packages/action-scheduler/classes/abstracts/ActionScheduler_Abstract_QueueRunner.php(65): ActionScheduler_Action->execute()
#4 /opt/lampp/htdocs/membership/wp-content/plugins/woocommerce/packages/action-scheduler/classes/ActionScheduler_QueueRunner.php(162): ActionScheduler_Abstract_QueueRunner->process_action(131, 'WP Cron')
#5 /opt/lampp/htdocs/membership/wp-content/plugins/woocommerce/packages/action-scheduler/classes/ActionScheduler_QueueRunner.php(132): ActionScheduler_QueueRunner->do_batch(25, 'WP Cron')
#6 /opt/lampp/htdocs/membership/wp-includes/class-wp-hook.php(292): ActionScheduler_QueueRunner->run('WP Cron')
#7 /opt/lampp/htdocs/membership/wp-includes/class-wp-hook.php(316): WP_Hook->apply_filters('', Array)
#8 /opt/lampp/htdocs/membership/wp-includes/plugin.php(551): WP_Hook->do_action(Array)
#9 /opt/lampp/htdocs/membership/wp-cron.php(138): do_action_ref_array('action_schedule...', Array)
#10 {main}
  thrown in /opt/lampp/htdocs/membership/wp-includes/class-wp-hook.php on line 292

